2025-04-23 18:13:20,756 - INFO - --- System Information ---
2025-04-23 18:13:20,757 - INFO - Python Version: 3.11.11 (main, Dec  4 2024, 08:55:07) [GCC 11.4.0]
2025-04-23 18:13:20,757 - INFO - Torch Version: 2.6.0+cu124
2025-04-23 18:13:20,757 - INFO - Datasets Version: 3.5.0
2025-04-23 18:13:20,757 - INFO - CPU Count: 96
2025-04-23 18:13:20,758 - INFO - Total RAM: 503.51 GB
2025-04-23 18:13:20,801 - INFO - GPU: NVIDIA A40
2025-04-23 18:13:20,802 - INFO - Total VRAM: 44.45 GB
2025-04-23 18:13:20,802 - INFO - CUDA Version: 12.4
2025-04-23 18:13:20,803 - INFO - Using Device: cuda:0
2025-04-23 18:13:20,803 - INFO - --------------------------
2025-04-23 18:13:20,803 - INFO - Loading calibration dataset from: /workspace/calibration_data/sevenllm_instruct_subset_manual/
2025-04-23 18:13:20,868 - INFO - Loaded and selected 200 calibration samples.
2025-04-23 18:13:20,868 - INFO - Using column 'instruction' for calibration text.
2025-04-23 18:13:20,869 - INFO - --- Starting Model Quantization ---
2025-04-23 18:13:20,869 - INFO - 
Processing model: TinyLlama-1.1B-Chat-v1.0
2025-04-23 18:13:20,869 - INFO - Input path (HF): /workspace/models/TinyLlama-1.1B-Chat-v1.0/
2025-04-23 18:13:20,869 - INFO - ONNX Export Path (Intermediate): /workspace/models/TinyLlama-1.1B-Chat-v1.0/temp-fp32-onnx-export
2025-04-23 18:13:20,870 - INFO - Output path (Quantized ONNX files): /workspace/models/TinyLlama-1.1B-Chat-v1.0/
2025-04-23 18:13:20,870 - INFO - Trust remote code: False
2025-04-23 18:13:20,870 - INFO - Model Task: text-generation
2025-04-23 18:13:20,872 - INFO - Exporting TinyLlama-1.1B-Chat-v1.0 from Hugging Face format to ONNX...
2025-04-23 18:15:27,068 - INFO - Identified exported ONNX model file: model.onnx
2025-04-23 18:15:27,068 - INFO - ONNX export successful. Duration: 0:02:06.196075
2025-04-23 18:15:27,069 - INFO - Using FP32 ONNX model: /workspace/models/TinyLlama-1.1B-Chat-v1.0/temp-fp32-onnx-export/model.onnx
2025-04-23 18:15:27,069 - INFO - Loading quantizer for the exported ONNX model...
2025-04-23 18:15:27,073 - INFO - Loading tokenizer from original HF path...
2025-04-23 18:15:27,141 - INFO - Quantizer and tokenizer loaded.
2025-04-23 18:15:27,141 - INFO - Defining quantization and calibration configurations...
2025-04-23 18:15:27,142 - INFO - Quantization Config: QDQ (mode: QLinearOps, schema: u8/s8, channel-wise: False)
2025-04-23 18:15:27,142 - INFO - Creating Calibration Config using column: instruction
2025-04-23 18:15:27,142 - ERROR - Error during processing for TinyLlama-1.1B-Chat-v1.0: AutoCalibrationConfig.minmax() got an unexpected keyword argument 'preprocess_function'
Traceback (most recent call last):
  File "//workspace/code/quantize_models.py", line 207, in <module>
    calibration_config = AutoCalibrationConfig.minmax(
                         ^^^^^^^^^^^^^^^^^^^^^^^^^^^^^
TypeError: AutoCalibrationConfig.minmax() got an unexpected keyword argument 'preprocess_function'
2025-04-23 18:15:27,144 - WARNING - Quantization failed for TinyLlama-1.1B-Chat-v1.0. Keeping intermediate FP32 ONNX export at: /workspace/models/TinyLlama-1.1B-Chat-v1.0/temp-fp32-onnx-export
2025-04-23 18:15:27,144 - INFO - --- Model Quantization Finished ---
