2025-04-23 22:52:55,782 - INFO - --- System Information ---
2025-04-23 22:52:55,782 - INFO - Python Version: 3.11.11 (main, Dec  4 2024, 08:55:07) [GCC 11.4.0]
2025-04-23 22:52:55,782 - INFO - Torch Version: 2.7.0+cu126
2025-04-23 22:52:55,782 - INFO - Datasets Version: 3.5.0
2025-04-23 22:52:55,783 - INFO - CPU Count: 192
2025-04-23 22:52:55,783 - INFO - Total RAM: 2015.55 GB
2025-04-23 22:52:55,801 - INFO - GPU: NVIDIA H200
2025-04-23 22:52:55,801 - INFO - Total VRAM: 139.72 GB
2025-04-23 22:52:55,801 - INFO - CUDA Version: 12.6
2025-04-23 22:52:55,801 - INFO - Using Device: cuda:0
2025-04-23 22:52:55,801 - INFO - --------------------------
2025-04-23 22:52:55,801 - INFO - Loading calibration dataset from: /workspace/calibration_data/sevenllm_instruct_subset_manual/
2025-04-23 22:52:55,806 - INFO - Loaded and selected 200 calibration samples.
2025-04-23 22:52:55,806 - INFO - Using column 'instruction' for calibration text.
2025-04-23 22:52:55,806 - INFO - --- Starting Model Quantization ---
2025-04-23 22:52:55,806 - INFO - 
Processing model: Phi-3-mini-4k-instruct
2025-04-23 22:52:55,806 - INFO - Input path (HF): /workspace/models/Phi-3-mini-4k-instruct/
2025-04-23 22:52:55,806 - INFO - ONNX Export Path (Intermediate): /workspace/models/Phi-3-mini-4k-instruct/temp-fp32-onnx-export
2025-04-23 22:52:55,806 - INFO - Output path (Quantized ONNX files): /workspace/models/Phi-3-mini-4k-instruct/
2025-04-23 22:52:55,806 - INFO - Trust remote code: True
2025-04-23 22:52:55,806 - INFO - Model Task: text-generation
2025-04-23 22:52:55,806 - ERROR - Skipping Phi-3-mini-4k-instruct: Input HF directory not found at /workspace/models/Phi-3-mini-4k-instruct/
2025-04-23 22:52:55,806 - INFO - --- Model Quantization Finished ---
