2025-04-23 18:24:31,392 - INFO - --- System Information ---
2025-04-23 18:24:31,393 - INFO - Python Version: 3.11.11 (main, Dec  4 2024, 08:55:07) [GCC 11.4.0]
2025-04-23 18:24:31,393 - INFO - Torch Version: 2.6.0+cu124
2025-04-23 18:24:31,393 - INFO - Datasets Version: 3.5.0
2025-04-23 18:24:31,393 - INFO - CPU Count: 96
2025-04-23 18:24:31,394 - INFO - Total RAM: 503.51 GB
2025-04-23 18:24:31,433 - INFO - GPU: NVIDIA A40
2025-04-23 18:24:31,434 - INFO - Total VRAM: 44.45 GB
2025-04-23 18:24:31,434 - INFO - CUDA Version: 12.4
2025-04-23 18:24:31,434 - INFO - Using Device: cuda:0
2025-04-23 18:24:31,435 - INFO - --------------------------
2025-04-23 18:24:31,435 - INFO - Loading calibration dataset from: /workspace/calibration_data/sevenllm_instruct_subset_manual/
2025-04-23 18:24:31,463 - INFO - Loaded and selected 200 calibration samples.
2025-04-23 18:24:31,463 - INFO - Using column 'instruction' for calibration text.
2025-04-23 18:24:31,464 - INFO - --- Starting Model Quantization ---
2025-04-23 18:24:31,464 - INFO - 
Processing model: TinyLlama-1.1B-Chat-v1.0
2025-04-23 18:24:31,465 - INFO - Input path (HF): /workspace/models/TinyLlama-1.1B-Chat-v1.0/
2025-04-23 18:24:31,465 - INFO - ONNX Export Path (Intermediate): /workspace/models/TinyLlama-1.1B-Chat-v1.0/temp-fp32-onnx-export
2025-04-23 18:24:31,465 - INFO - Output path (Quantized ONNX files): /workspace/models/TinyLlama-1.1B-Chat-v1.0/
2025-04-23 18:24:31,465 - INFO - Trust remote code: False
2025-04-23 18:24:31,465 - INFO - Model Task: text-generation
2025-04-23 18:24:31,467 - WARNING - Found existing intermediate FP32 ONNX model at /workspace/models/TinyLlama-1.1B-Chat-v1.0/temp-fp32-onnx-export/model.onnx. Skipping export.
2025-04-23 18:24:31,468 - INFO - Using FP32 ONNX model: /workspace/models/TinyLlama-1.1B-Chat-v1.0/temp-fp32-onnx-export/model.onnx
2025-04-23 18:24:31,468 - INFO - Loading quantizer for the exported ONNX model...
2025-04-23 18:24:31,480 - INFO - Loading tokenizer from original HF path...
2025-04-23 18:24:31,640 - INFO - Quantizer and tokenizer loaded.
2025-04-23 18:24:31,641 - INFO - Preprocessing (tokenizing) the calibration dataset...
2025-04-23 18:24:31,773 - INFO - Preprocessing complete. New columns: ['input_ids', 'attention_mask']
2025-04-23 18:24:31,774 - INFO - Defining quantization and calibration configurations...
2025-04-23 18:24:31,774 - INFO - Quantization Config: QDQ (mode: QLinearOps, schema: u8/s8, channel-wise: False)
2025-04-23 18:24:31,774 - INFO - Creating Calibration Config using preprocessed dataset.
2025-04-23 18:24:31,774 - INFO - Calibration Method: CalibrationMethod.MinMax
2025-04-23 18:24:31,774 - INFO - Operators to quantize: ['MatMul', 'Add']
2025-04-23 18:24:31,775 - INFO - Starting calibration step (quantizer.fit)...
2025-04-23 18:25:08,331 - ERROR - Error during processing for TinyLlama-1.1B-Chat-v1.0: Required inputs (['position_ids']) are missing from input feed (['input_ids', 'attention_mask']).
Traceback (most recent call last):
  File "//workspace/code/quantize_models.py", line 237, in <module>
    calibration_tensors_range = quantizer.fit(
                                ^^^^^^^^^^^^^^
  File "/workspace/testbedvenv/lib/python3.11/site-packages/optimum/onnxruntime/quantization.py", line 202, in fit
    self.partial_fit(
  File "/workspace/testbedvenv/lib/python3.11/site-packages/optimum/onnxruntime/quantization.py", line 262, in partial_fit
    self._calibrator.collect_data(reader)
  File "/workspace/testbedvenv/lib/python3.11/site-packages/onnxruntime/quantization/calibrate.py", line 420, in collect_data
    self.intermediate_outputs.append(self.infer_session.run(None, inputs))
                                     ^^^^^^^^^^^^^^^^^^^^^^^^^^^^^^^^^^^^
  File "/workspace/testbedvenv/lib/python3.11/site-packages/onnxruntime/capi/onnxruntime_inference_collection.py", line 266, in run
    self._validate_input(list(input_feed.keys()))
  File "/workspace/testbedvenv/lib/python3.11/site-packages/onnxruntime/capi/onnxruntime_inference_collection.py", line 248, in _validate_input
    raise ValueError(
ValueError: Required inputs (['position_ids']) are missing from input feed (['input_ids', 'attention_mask']).
2025-04-23 18:25:08,341 - WARNING - Quantization failed for TinyLlama-1.1B-Chat-v1.0. Keeping intermediate FP32 ONNX export at: /workspace/models/TinyLlama-1.1B-Chat-v1.0/temp-fp32-onnx-export
2025-04-23 18:25:08,341 - INFO - --- Model Quantization Finished ---
