2025-04-23 18:19:44,933 - INFO - --- System Information ---
2025-04-23 18:19:44,934 - INFO - Python Version: 3.11.11 (main, Dec  4 2024, 08:55:07) [GCC 11.4.0]
2025-04-23 18:19:44,935 - INFO - Torch Version: 2.6.0+cu124
2025-04-23 18:19:44,935 - INFO - Datasets Version: 3.5.0
2025-04-23 18:19:44,936 - INFO - CPU Count: 96
2025-04-23 18:19:44,937 - INFO - Total RAM: 503.51 GB
2025-04-23 18:19:44,980 - INFO - GPU: NVIDIA A40
2025-04-23 18:19:44,981 - INFO - Total VRAM: 44.45 GB
2025-04-23 18:19:44,981 - INFO - CUDA Version: 12.4
2025-04-23 18:19:44,981 - INFO - Using Device: cuda:0
2025-04-23 18:19:44,982 - INFO - --------------------------
2025-04-23 18:19:44,982 - INFO - Loading calibration dataset from: /workspace/calibration_data/sevenllm_instruct_subset_manual/
2025-04-23 18:19:45,043 - INFO - Loaded and selected 200 calibration samples.
2025-04-23 18:19:45,044 - INFO - Using column 'instruction' for calibration text.
2025-04-23 18:19:45,044 - INFO - --- Starting Model Quantization ---
2025-04-23 18:19:45,045 - INFO - 
Processing model: TinyLlama-1.1B-Chat-v1.0
2025-04-23 18:19:45,045 - INFO - Input path (HF): /workspace/models/TinyLlama-1.1B-Chat-v1.0/
2025-04-23 18:19:45,046 - INFO - ONNX Export Path (Intermediate): /workspace/models/TinyLlama-1.1B-Chat-v1.0/temp-fp32-onnx-export
2025-04-23 18:19:45,046 - INFO - Output path (Quantized ONNX files): /workspace/models/TinyLlama-1.1B-Chat-v1.0/
2025-04-23 18:19:45,046 - INFO - Trust remote code: False
2025-04-23 18:19:45,047 - INFO - Model Task: text-generation
2025-04-23 18:19:45,052 - INFO - Exporting TinyLlama-1.1B-Chat-v1.0 from Hugging Face format to ONNX...
2025-04-23 18:21:31,367 - INFO - Identified exported ONNX model file: model.onnx
2025-04-23 18:21:31,368 - INFO - ONNX export successful. Duration: 0:01:46.315732
2025-04-23 18:21:31,368 - INFO - Using FP32 ONNX model: /workspace/models/TinyLlama-1.1B-Chat-v1.0/temp-fp32-onnx-export/model.onnx
2025-04-23 18:21:31,368 - INFO - Loading quantizer for the exported ONNX model...
2025-04-23 18:21:31,460 - INFO - Loading tokenizer from original HF path...
2025-04-23 18:21:31,544 - INFO - Quantizer and tokenizer loaded.
2025-04-23 18:21:31,544 - INFO - Defining quantization and calibration configurations...
2025-04-23 18:21:31,545 - INFO - Quantization Config: QDQ (mode: QLinearOps, schema: u8/s8, channel-wise: False)
2025-04-23 18:21:31,546 - INFO - Creating Calibration Config using column: instruction
2025-04-23 18:21:31,547 - INFO - Calibration Method: CalibrationMethod.MinMax
2025-04-23 18:21:31,547 - INFO - Operators to quantize: ['MatMul', 'Add']
2025-04-23 18:21:31,547 - INFO - Starting calibration step (quantizer.fit)...
2025-04-23 18:21:31,548 - ERROR - Error during processing for TinyLlama-1.1B-Chat-v1.0: ORTQuantizer.fit() got an unexpected keyword argument 'preprocess_function'
Traceback (most recent call last):
  File "//workspace/code/quantize_models.py", line 220, in <module>
    calibration_tensors_range = quantizer.fit(
                                ^^^^^^^^^^^^^^
TypeError: ORTQuantizer.fit() got an unexpected keyword argument 'preprocess_function'
2025-04-23 18:21:31,551 - WARNING - Quantization failed for TinyLlama-1.1B-Chat-v1.0. Keeping intermediate FP32 ONNX export at: /workspace/models/TinyLlama-1.1B-Chat-v1.0/temp-fp32-onnx-export
2025-04-23 18:21:31,552 - INFO - --- Model Quantization Finished ---
