2025-04-23 18:31:02,274 - INFO - --- System Information ---
2025-04-23 18:31:02,275 - INFO - Python Version: 3.11.11 (main, Dec  4 2024, 08:55:07) [GCC 11.4.0]
2025-04-23 18:31:02,276 - INFO - Torch Version: 2.6.0+cu124
2025-04-23 18:31:02,276 - INFO - Datasets Version: 3.5.0
2025-04-23 18:31:02,277 - INFO - CPU Count: 96
2025-04-23 18:31:02,277 - INFO - Total RAM: 503.51 GB
2025-04-23 18:31:02,324 - INFO - GPU: NVIDIA A40
2025-04-23 18:31:02,325 - INFO - Total VRAM: 44.45 GB
2025-04-23 18:31:02,325 - INFO - CUDA Version: 12.4
2025-04-23 18:31:02,326 - INFO - Using Device: cuda:0
2025-04-23 18:31:02,326 - INFO - --------------------------
2025-04-23 18:31:02,326 - INFO - Loading calibration dataset from: /workspace/calibration_data/sevenllm_instruct_subset_manual/
2025-04-23 18:31:02,375 - INFO - Loaded and selected 200 calibration samples.
2025-04-23 18:31:02,376 - INFO - Using column 'instruction' for calibration text.
2025-04-23 18:31:02,376 - INFO - --- Starting Model Quantization ---
2025-04-23 18:31:02,376 - INFO - 
Processing model: TinyLlama-1.1B-Chat-v1.0
2025-04-23 18:31:02,377 - INFO - Input path (HF): /workspace/models/TinyLlama-1.1B-Chat-v1.0/
2025-04-23 18:31:02,377 - INFO - ONNX Export Path (Intermediate): /workspace/models/TinyLlama-1.1B-Chat-v1.0/temp-fp32-onnx-export
2025-04-23 18:31:02,377 - INFO - Output path (Quantized ONNX files): /workspace/models/TinyLlama-1.1B-Chat-v1.0/
2025-04-23 18:31:02,377 - INFO - Trust remote code: False
2025-04-23 18:31:02,378 - INFO - Model Task: text-generation
2025-04-23 18:31:02,382 - WARNING - Found existing intermediate FP32 ONNX model at /workspace/models/TinyLlama-1.1B-Chat-v1.0/temp-fp32-onnx-export/model.onnx. Skipping export.
2025-04-23 18:31:02,382 - INFO - Using FP32 ONNX model: /workspace/models/TinyLlama-1.1B-Chat-v1.0/temp-fp32-onnx-export/model.onnx
2025-04-23 18:31:02,382 - INFO - Loading quantizer for the exported ONNX model...
2025-04-23 18:31:02,416 - INFO - Loading tokenizer from original HF path...
2025-04-23 18:31:02,594 - INFO - Quantizer and tokenizer loaded.
2025-04-23 18:31:02,595 - INFO - Preprocessing (tokenizing) the calibration dataset...
2025-04-23 18:31:02,716 - INFO - Preprocessing complete. New columns: ['input_ids', 'attention_mask', 'position_ids']
2025-04-23 18:31:02,716 - INFO - Defining quantization and calibration configurations...
2025-04-23 18:31:02,716 - INFO - Quantization Config: QDQ (mode: QLinearOps, schema: u8/s8, channel-wise: False)
2025-04-23 18:31:02,716 - INFO - Creating Calibration Config using preprocessed dataset.
2025-04-23 18:31:02,716 - INFO - Calibration Method: CalibrationMethod.MinMax
2025-04-23 18:31:02,717 - INFO - Operators to quantize: ['MatMul', 'Add']
2025-04-23 18:31:02,717 - INFO - Starting calibration step (quantizer.fit)...
2025-04-23 18:51:27,559 - INFO - Calibration step (fit) successful. Duration: 0:20:24.842082
2025-04-23 18:51:27,561 - ERROR - Error during processing for TinyLlama-1.1B-Chat-v1.0: object of type 'TensorsData' has no len()
Traceback (most recent call last):
  File "//workspace/code/quantize_models.py", line 268, in <module>
    logging.info(f"Computed {len(calibration_tensors_range)} calibration ranges.")
                             ^^^^^^^^^^^^^^^^^^^^^^^^^^^^^^
TypeError: object of type 'TensorsData' has no len()
2025-04-23 18:51:27,563 - WARNING - Quantization failed for TinyLlama-1.1B-Chat-v1.0. Keeping intermediate FP32 ONNX export at: /workspace/models/TinyLlama-1.1B-Chat-v1.0/temp-fp32-onnx-export
2025-04-23 18:51:27,563 - INFO - --- Model Quantization Finished ---
